<?xml version="1.0" encoding="UTF-8" ?>
<testsuite tests="1" failures="0" name="JpaTest" time="7.166" errors="1" skipped="0">
  <properties>
[...]
</properties>
  <testcase classname="org.apache.maven.surefire.junit4.JUnit4Provider" name="JpaTest" time="0">
    <error type="java.lang.UnsupportedOperationException">java.lang.UnsupportedOperationException
	at java.util.Collections$UnmodifiableList.sort(Collections.java:1333)
	at java.util.Collections.sort(Collections.java:177)
	at org.jboss.arquillian.junit.Arquillian.getChildren(Arquillian.java:71)
	at org.junit.runners.ParentRunner.getFilteredChildren(ParentRunner.java:426)
	at org.junit.runners.ParentRunner.getDescription(ParentRunner.java:351)
	at org.jboss.arquillian.junit.Arquillian.run(Arquillian.java:106)
	at org.apache.maven.surefire.junit4.JUnit4TestSet.execute(JUnit4TestSet.java:53)
	at org.apache.maven.surefire.junit4.JUnit4Provider.executeTestSet(JUnit4Provider.java:123)
	at org.apache.maven.surefire.junit4.JUnit4Provider.invoke(JUnit4Provider.java:104)
	at sun.reflect.NativeMethodAccessorImpl.invoke0(Native Method)
	at sun.reflect.NativeMethodAccessorImpl.invoke(NativeMethodAccessorImpl.java:62)
	at sun.reflect.DelegatingMethodAccessorImpl.invoke(DelegatingMethodAccessorImpl.java:43)
	at java.lang.reflect.Method.invoke(Method.java:498)
	at org.apache.maven.surefire.util.ReflectionUtils.invokeMethodWithArray(ReflectionUtils.java:164)
	at org.apache.maven.surefire.booter.ProviderFactory$ProviderProxy.invoke(ProviderFactory.java:110)
	at org.apache.maven.surefire.booter.SurefireStarter.invokeProvider(SurefireStarter.java:175)
	at org.apache.maven.surefire.booter.SurefireStarter.runSuitesInProcessWhenForked(SurefireStarter.java:107)
	at org.apache.maven.surefire.booter.ForkedBooter.main(ForkedBooter.java:68)
</error>
    <system-err>nov 08, 2019 5:00:00 PM com.sun.enterprise.v3.server.CommonClassLoaderServiceImpl findDerbyClient
INFORMAÇÕES: Cannot find javadb client jar file, derby jdbc driver will not be available by default.
nov 08, 2019 5:00:00 PM com.sun.enterprise.v3.server.CommonClassLoaderServiceImpl findH2Client
INFORMAÇÕES: Cannot find h2db client jar file, h2 jdbc driver will not be available by default.
nov 08, 2019 5:00:00 PM org.hibernate.validator.internal.util.Version &lt;clinit&gt;
INFO: HV000001: Hibernate Validator null
nov 08, 2019 5:00:02 PM com.sun.enterprise.v3.services.impl.GrizzlyProxy start0
GRAVE: Network Listener `2.4.3` could not start - unable to bind to [/0.0.0.0:8181]
nov 08, 2019 5:00:02 PM com.sun.enterprise.v3.services.impl.GrizzlyProxy start0
INFORMAÇÕES: Network Listener https-listener started in: 19ms - bound to [/0.0.0.0:8182]
nov 08, 2019 5:00:02 PM com.sun.enterprise.v3.services.impl.GrizzlyService postConstruct
INFORMAÇÕES: Grizzly 2.4.3 started in: 791ms - bound to [0.0.0.0:8181, 0.0.0.0:8182]
nov 08, 2019 5:00:02 PM com.sun.enterprise.v3.admin.adapter.AdminEndpointDecider setGuiContextRoot
INFORMAÇÕES: Admin Console Adapter: context root: /admin
nov 08, 2019 5:00:02 PM com.sun.enterprise.v3.admin.adapter.AdminEndpointDecider setGuiContextRoot
INFORMAÇÕES: Admin Console Adapter: context root: /admin
nov 08, 2019 5:00:02 PM com.sun.enterprise.v3.admin.adapter.AdminEndpointDecider setGuiContextRoot
INFORMAÇÕES: Admin Console Adapter: context root: /admin
nov 08, 2019 5:00:02 PM com.hazelcast.instance.AddressPicker
INFORMAÇÕES: [LOCAL] [development] [3.9.3] Using bind address: /192.168.1.10:4900
nov 08, 2019 5:00:02 PM com.hazelcast.instance.AddressPicker
INFORMAÇÕES: [LOCAL] [development] [3.9.3] Using public address: /192.168.1.10:4900
nov 08, 2019 5:00:02 PM com.hazelcast.system
INFORMAÇÕES: [192.168.1.10]:4900 [development] [3.9.3] Hazelcast 3.9.3 (20180216 - 539b124) starting at [192.168.1.10]:4900
nov 08, 2019 5:00:02 PM com.hazelcast.system
INFORMAÇÕES: [192.168.1.10]:4900 [development] [3.9.3] Copyright (c) 2008-2018, Hazelcast, Inc. All Rights Reserved.
nov 08, 2019 5:00:02 PM com.hazelcast.system
INFORMAÇÕES: [192.168.1.10]:4900 [development] [3.9.3] Configured Hazelcast Serialization version: 1
nov 08, 2019 5:00:02 PM com.hazelcast.spi.impl.operationservice.impl.BackpressureRegulator
INFORMAÇÕES: [192.168.1.10]:4900 [development] [3.9.3] Backpressure is disabled
nov 08, 2019 5:00:03 PM com.hazelcast.instance.Node
INFORMAÇÕES: [192.168.1.10]:4900 [development] [3.9.3] Activating Discovery SPI Joiner
nov 08, 2019 5:00:03 PM com.hazelcast.spi.impl.operationexecutor.impl.OperationExecutorImpl
INFORMAÇÕES: [192.168.1.10]:4900 [development] [3.9.3] Starting 4 partition threads and 3 generic threads (1 dedicated for priority tasks)
nov 08, 2019 5:00:03 PM com.hazelcast.internal.diagnostics.Diagnostics
INFORMAÇÕES: [192.168.1.10]:4900 [development] [3.9.3] Diagnostics disabled. To enable add -Dhazelcast.diagnostics.enabled=true to the JVM arguments.
nov 08, 2019 5:00:03 PM com.hazelcast.core.LifecycleService
INFORMAÇÕES: [192.168.1.10]:4900 [development] [3.9.3] [192.168.1.10]:4900 is STARTING
nov 08, 2019 5:00:04 PM com.hazelcast.nio.tcp.TcpIpConnector
INFORMAÇÕES: [192.168.1.10]:4900 [development] [3.9.3] Connecting to /192.168.1.10:5900, timeout: 0, bind-any: true
nov 08, 2019 5:00:04 PM com.hazelcast.nio.tcp.TcpIpConnector
INFORMAÇÕES: [192.168.1.10]:4900 [development] [3.9.3] Could not connect to: /192.168.1.10:5900. Reason: SocketException[Conexão recusada to address /192.168.1.10:5900]
nov 08, 2019 5:00:04 PM com.hazelcast.internal.cluster.impl.DiscoveryJoiner
INFORMAÇÕES: [192.168.1.10]:4900 [development] [3.9.3] [192.168.1.10]:5900 is added to the blacklist.
nov 08, 2019 5:00:05 PM com.hazelcast.system
INFORMAÇÕES: [192.168.1.10]:4900 [development] [3.9.3] Cluster version set to 3.9
nov 08, 2019 5:00:05 PM com.hazelcast.internal.cluster.ClusterService
INFORMAÇÕES: [192.168.1.10]:4900 [development] [3.9.3] 

Members {size:1, ver:1} [
	Member [192.168.1.10]:4900 - a6ff5370-ce97-4a03-9237-c5daf6fa5a80 this
]

nov 08, 2019 5:00:05 PM com.hazelcast.internal.jmx.ManagementService
INFORMAÇÕES: [192.168.1.10]:4900 [development] [3.9.3] Hazelcast JMX agent enabled.
nov 08, 2019 5:00:05 PM com.hazelcast.core.LifecycleService
INFORMAÇÕES: [192.168.1.10]:4900 [development] [3.9.3] [192.168.1.10]:4900 is STARTED
nov 08, 2019 5:00:05 PM fish.payara.nucleus.hazelcast.HazelcastCore bindToJNDI
INFORMAÇÕES: Hazelcast Instance Bound to JNDI at payara/Hazelcast
nov 08, 2019 5:00:05 PM fish.payara.nucleus.hazelcast.HazelcastCore bindToJNDI
INFORMAÇÕES: JSR107 Caching Provider Bound to JNDI at payara/CachingProvider
nov 08, 2019 5:00:05 PM fish.payara.nucleus.hazelcast.HazelcastCore bindToJNDI
INFORMAÇÕES: JSR107 Default Cache Manager Bound to JNDI at payara/CacheManager
nov 08, 2019 5:00:05 PM fish.payara.nucleus.cluster.PayaraCluster logClusterStatus
INFORMAÇÕES: Data Grid Status 
Payara Data Grid State: DG Version: 35 DG Size: 1
Instances: {
Address: /192.168.1.10:4900 UUID: a6ff5370-ce97-4a03-9237-c5daf6fa5a80 Lite: false This: true Name: server Group: server-config
}
nov 08, 2019 5:00:05 PM com.sun.enterprise.v3.server.AppServerStartup postStartupJob
INFORMAÇÕES: Undefined Product Name - define product and version info in config/branding  0.0.0  (0) startup time : Embedded (1.936ms), startup services(4.492ms), total(6.428ms)
nov 08, 2019 5:00:05 PM com.sun.enterprise.v3.server.AppServerStartup postStartupJob
GRAVE: Shutting down server due to startup exception
java.net.BindException: Endereço já em uso
	at sun.nio.ch.Net.bind0(Native Method)
	at sun.nio.ch.Net.bind(Net.java:433)
	at sun.nio.ch.Net.bind(Net.java:425)
	at sun.nio.ch.ServerSocketChannelImpl.bind(ServerSocketChannelImpl.java:223)
	at sun.nio.ch.ServerSocketAdaptor.bind(ServerSocketAdaptor.java:74)
	at org.glassfish.grizzly.nio.transport.TCPNIOBindingHandler.bindToChannelAndAddress(TCPNIOBindingHandler.java:131)
	at org.glassfish.grizzly.nio.transport.TCPNIOBindingHandler.bind(TCPNIOBindingHandler.java:88)
	at org.glassfish.grizzly.nio.transport.TCPNIOTransport.bind(TCPNIOTransport.java:239)
	at org.glassfish.grizzly.nio.transport.TCPNIOTransport.bind(TCPNIOTransport.java:228)
	at org.glassfish.grizzly.nio.transport.TCPNIOTransport.bind(TCPNIOTransport.java:77)
	at org.glassfish.grizzly.config.GenericGrizzlyListener.start(GenericGrizzlyListener.java:188)
	at com.sun.enterprise.v3.services.impl.GlassfishNetworkListener.start(GlassfishNetworkListener.java:109)
	at com.sun.enterprise.v3.services.impl.GrizzlyProxy.start0(GrizzlyProxy.java:281)
	at com.sun.enterprise.v3.services.impl.GrizzlyProxy.start(GrizzlyProxy.java:254)
	at com.sun.enterprise.v3.services.impl.GrizzlyService.createNetworkProxy(GrizzlyService.java:646)
	at com.sun.enterprise.v3.services.impl.GrizzlyService.postConstruct(GrizzlyService.java:554)
	at org.jvnet.hk2.internal.ClazzCreator.postConstructMe(ClazzCreator.java:327)
	at org.jvnet.hk2.internal.ClazzCreator.create(ClazzCreator.java:375)
	at org.jvnet.hk2.internal.SystemDescriptor.create(SystemDescriptor.java:487)
	at org.glassfish.hk2.runlevel.internal.AsyncRunLevelContext.findOrCreate(AsyncRunLevelContext.java:305)
	at org.glassfish.hk2.runlevel.RunLevelContext.findOrCreate(RunLevelContext.java:89)
	at org.jvnet.hk2.internal.Utilities.createService(Utilities.java:2126)
	at org.jvnet.hk2.internal.ServiceHandleImpl.getService(ServiceHandleImpl.java:116)
	at org.jvnet.hk2.internal.ServiceHandleImpl.getService(ServiceHandleImpl.java:90)
	at org.glassfish.hk2.runlevel.internal.CurrentTaskFuture$QueueRunner.oneJob(CurrentTaskFuture.java:1237)
	at org.glassfish.hk2.runlevel.internal.CurrentTaskFuture$QueueRunner.run(CurrentTaskFuture.java:1168)
	at org.glassfish.hk2.runlevel.internal.CurrentTaskFuture$UpOneLevel.run(CurrentTaskFuture.java:786)
	at org.glassfish.hk2.runlevel.internal.CurrentTaskFuture$UpAllTheWay.go(CurrentTaskFuture.java:585)
	at org.glassfish.hk2.runlevel.internal.CurrentTaskFuture$UpAllTheWay.access$100(CurrentTaskFuture.java:467)
	at org.glassfish.hk2.runlevel.internal.CurrentTaskFuture.go(CurrentTaskFuture.java:157)
	at org.glassfish.hk2.runlevel.internal.CurrentTaskFuture.go(CurrentTaskFuture.java:152)
	at org.glassfish.hk2.runlevel.internal.AsyncRunLevelContext.proceedTo(AsyncRunLevelContext.java:535)
	at org.glassfish.hk2.runlevel.internal.RunLevelControllerImpl.proceedTo(RunLevelControllerImpl.java:72)
	at com.sun.enterprise.v3.server.AppServerStartup.proceedTo(AppServerStartup.java:556)
	at com.sun.enterprise.v3.server.AppServerStartup.run(AppServerStartup.java:348)
	at com.sun.enterprise.v3.server.AppServerStartup.doStart(AppServerStartup.java:234)
	at com.sun.enterprise.v3.server.AppServerStartup.start(AppServerStartup.java:223)
	at com.sun.enterprise.glassfish.bootstrap.GlassFishImpl.start(GlassFishImpl.java:81)
	at fish.payara.arquillian.container.payara.embedded.PayaraContainer.start(PayaraContainer.java:194)
	at org.jboss.arquillian.container.impl.ContainerImpl.start(ContainerImpl.java:199)
	at org.jboss.arquillian.container.impl.client.container.ContainerLifecycleController$8.perform(ContainerLifecycleController.java:163)
	at org.jboss.arquillian.container.impl.client.container.ContainerLifecycleController$8.perform(ContainerLifecycleController.java:157)
	at org.jboss.arquillian.container.impl.client.container.ContainerLifecycleController.forContainer(ContainerLifecycleController.java:255)
	at org.jboss.arquillian.container.impl.client.container.ContainerLifecycleController.startContainer(ContainerLifecycleController.java:156)
	at sun.reflect.NativeMethodAccessorImpl.invoke0(Native Method)
	at sun.reflect.NativeMethodAccessorImpl.invoke(NativeMethodAccessorImpl.java:62)
	at sun.reflect.DelegatingMethodAccessorImpl.invoke(DelegatingMethodAccessorImpl.java:43)
	at java.lang.reflect.Method.invoke(Method.java:498)
	at org.jboss.arquillian.core.impl.ObserverImpl.invoke(ObserverImpl.java:94)
	at org.jboss.arquillian.core.impl.EventContextImpl.invokeObservers(EventContextImpl.java:99)
	at org.jboss.arquillian.core.impl.EventContextImpl.proceed(EventContextImpl.java:81)
	at org.jboss.arquillian.container.impl.client.ContainerDeploymentContextHandler.createContainerContext(ContainerDeploymentContextHandler.java:57)
	at sun.reflect.NativeMethodAccessorImpl.invoke0(Native Method)
	at sun.reflect.NativeMethodAccessorImpl.invoke(NativeMethodAccessorImpl.java:62)
	at sun.reflect.DelegatingMethodAccessorImpl.invoke(DelegatingMethodAccessorImpl.java:43)
	at java.lang.reflect.Method.invoke(Method.java:498)
	at org.jboss.arquillian.core.impl.ObserverImpl.invoke(ObserverImpl.java:94)
	at org.jboss.arquillian.core.impl.EventContextImpl.proceed(EventContextImpl.java:88)
	at org.jboss.arquillian.core.impl.ManagerImpl.fire(ManagerImpl.java:145)
	at org.jboss.arquillian.core.impl.ManagerImpl.fire(ManagerImpl.java:116)
	at org.jboss.arquillian.core.impl.EventImpl.fire(EventImpl.java:67)
	at org.jboss.arquillian.container.impl.client.container.ContainerLifecycleController$2.perform(ContainerLifecycleController.java:77)
	at org.jboss.arquillian.container.impl.client.container.ContainerLifecycleController$2.perform(ContainerLifecycleController.java:70)
	at org.jboss.arquillian.container.impl.client.container.ContainerLifecycleController.forEachSuiteContainer(ContainerLifecycleController.java:221)
	at org.jboss.arquillian.container.impl.client.container.ContainerLifecycleController.startSuiteContainers(ContainerLifecycleController.java:69)
	at sun.reflect.NativeMethodAccessorImpl.invoke0(Native Method)
	at sun.reflect.NativeMethodAccessorImpl.invoke(NativeMethodAccessorImpl.java:62)
	at sun.reflect.DelegatingMethodAccessorImpl.invoke(DelegatingMethodAccessorImpl.java:43)
	at java.lang.reflect.Method.invoke(Method.java:498)
	at org.jboss.arquillian.core.impl.ObserverImpl.invoke(ObserverImpl.java:94)
	at org.jboss.arquillian.core.impl.EventContextImpl.invokeObservers(EventContextImpl.java:99)
	at org.jboss.arquillian.core.impl.EventContextImpl.proceed(EventContextImpl.java:81)
	at org.jboss.arquillian.core.impl.ManagerImpl.fire(ManagerImpl.java:145)
	at org.jboss.arquillian.core.impl.ManagerImpl.fire(ManagerImpl.java:116)
	at org.jboss.arquillian.core.impl.EventImpl.fire(EventImpl.java:67)
	at org.jboss.arquillian.container.test.impl.client.ContainerEventController.execute(ContainerEventController.java:86)
	at sun.reflect.NativeMethodAccessorImpl.invoke0(Native Method)
	at sun.reflect.NativeMethodAccessorImpl.invoke(NativeMethodAccessorImpl.java:62)
	at sun.reflect.DelegatingMethodAccessorImpl.invoke(DelegatingMethodAccessorImpl.java:43)
	at java.lang.reflect.Method.invoke(Method.java:498)
	at org.jboss.arquillian.core.impl.ObserverImpl.invoke(ObserverImpl.java:94)
	at org.jboss.arquillian.core.impl.EventContextImpl.invokeObservers(EventContextImpl.java:99)
	at org.jboss.arquillian.core.impl.EventContextImpl.proceed(EventContextImpl.java:81)
	at org.jboss.arquillian.test.impl.TestContextHandler.createSuiteContext(TestContextHandler.java:65)
	at sun.reflect.NativeMethodAccessorImpl.invoke0(Native Method)
	at sun.reflect.NativeMethodAccessorImpl.invoke(NativeMethodAccessorImpl.java:62)
	at sun.reflect.DelegatingMethodAccessorImpl.invoke(DelegatingMethodAccessorImpl.java:43)
	at java.lang.reflect.Method.invoke(Method.java:498)
	at org.jboss.arquillian.core.impl.ObserverImpl.invoke(ObserverImpl.java:94)
	at org.jboss.arquillian.core.impl.EventContextImpl.proceed(EventContextImpl.java:88)
	at org.jboss.arquillian.core.impl.ManagerImpl.fire(ManagerImpl.java:145)
	at org.jboss.arquillian.core.impl.ManagerImpl.fire(ManagerImpl.java:116)
	at org.jboss.arquillian.test.impl.EventTestRunnerAdaptor.beforeSuite(EventTestRunnerAdaptor.java:68)
	at org.jboss.arquillian.junit.Arquillian.run(Arquillian.java:99)
	at org.apache.maven.surefire.junit4.JUnit4TestSet.execute(JUnit4TestSet.java:53)
	at org.apache.maven.surefire.junit4.JUnit4Provider.executeTestSet(JUnit4Provider.java:123)
	at org.apache.maven.surefire.junit4.JUnit4Provider.invoke(JUnit4Provider.java:104)
	at sun.reflect.NativeMethodAccessorImpl.invoke0(Native Method)
	at sun.reflect.NativeMethodAccessorImpl.invoke(NativeMethodAccessorImpl.java:62)
	at sun.reflect.DelegatingMethodAccessorImpl.invoke(DelegatingMethodAccessorImpl.java:43)
	at java.lang.reflect.Method.invoke(Method.java:498)
	at org.apache.maven.surefire.util.ReflectionUtils.invokeMethodWithArray(ReflectionUtils.java:164)
	at org.apache.maven.surefire.booter.ProviderFactory$ProviderProxy.invoke(ProviderFactory.java:110)
	at org.apache.maven.surefire.booter.SurefireStarter.invokeProvider(SurefireStarter.java:175)
	at org.apache.maven.surefire.booter.SurefireStarter.runSuitesInProcessWhenForked(SurefireStarter.java:107)
	at org.apache.maven.surefire.booter.ForkedBooter.main(ForkedBooter.java:68)

nov 08, 2019 5:00:05 PM fish.payara.nucleus.notification.NotificationEventBus unregister
ADVERTÊNCIA: Tried to unregisterfish.payara.notification.eventbus.core.CDIEventbusNotifierService@5bde6148, it may not have been previously registered
nov 08, 2019 5:00:05 PM fish.payara.nucleus.notification.NotificationEventBus unregister
ADVERTÊNCIA: Tried to unregisterfish.payara.nucleus.notification.log.LogNotifierService@19a7906c, it may not have been previously registered
nov 08, 2019 5:00:05 PM fish.payara.nucleus.notification.NotificationEventBus unregister
ADVERTÊNCIA: Tried to unregisterfish.payara.notification.eventbus.core.EventbusNotifierService@1da5c19d, it may not have been previously registered
nov 08, 2019 5:00:05 PM com.sun.enterprise.v3.admin.StopServer doExecute
INFORMAÇÕES: Server shutdown initiated
nov 08, 2019 5:00:05 PM com.sun.enterprise.v3.server.AppServerStartup doStart
GRAVE: Failed to start, exiting
</system-err>
  </testcase>
</testsuite>